Cordova_v4/ParentPlanet/platforms/android/build/outputs/logs/manifest-merger-release-report.txt
-- Merging decision tree log ---
manifest
ADDED from platforms/android/AndroidManifest.xml:2:1-61:12
	package
		ADDED from platforms/android/AndroidManifest.xml:2:100-122
		INJECTED from platforms/android/AndroidManifest.xml
		INJECTED from platforms/android/AndroidManifest.xml
	android:versionName
		ADDED from platforms/android/AndroidManifest.xml:2:71-99
		INJECTED from platforms/android/AndroidManifest.xml
		INJECTED from platforms/android/AndroidManifest.xml
	android:hardwareAccelerated
		ADDED from platforms/android/AndroidManifest.xml:2:11-45
	android:versionCode
		ADDED from platforms/android/AndroidManifest.xml:2:46-70
		INJECTED from platforms/android/AndroidManifest.xml
		INJECTED from platforms/android/AndroidManifest.xml
	xmlns:android
		ADDED from platforms/android/AndroidManifest.xml:2:123-181
supports-screens
ADDED from platforms/android/AndroidManifest.xml:3:5-191
	android:largeScreens
		ADDED from platforms/android/AndroidManifest.xml:3:49-76
	android:smallScreens
		ADDED from platforms/android/AndroidManifest.xml:3:132-159
	android:normalScreens
		ADDED from platforms/android/AndroidManifest.xml:3:77-105
	android:xlargeScreens
		ADDED from platforms/android/AndroidManifest.xml:3:160-188
	android:resizeable
		ADDED from platforms/android/AndroidManifest.xml:3:106-131
	android:anyDensity
		ADDED from platforms/android/AndroidManifest.xml:3:23-48
uses-permission#android.permission.INTERNET
ADDED from platforms/android/AndroidManifest.xml:4:5-67
MERGED from [com.google.android.gms:play-services-gcm:8.4.0] AndroidManifest.xml:22:5-67
MERGED from [com.google.android.gms:play-services-measurement:8.4.0] AndroidManifest.xml:21:5-67
	android:name
		ADDED from platforms/android/AndroidManifest.xml:4:22-64
uses-permission#android.permission.ACCESS_NETWORK_STATE
ADDED from platforms/android/AndroidManifest.xml:5:5-79
MERGED from [com.google.android.gms:play-services-measurement:8.4.0] AndroidManifest.xml:22:5-79
	android:name
		ADDED from platforms/android/AndroidManifest.xml:5:22-76
uses-permission#android.permission.ACCESS_WIFI_STATE
ADDED from platforms/android/AndroidManifest.xml:6:5-76
	android:name
		ADDED from platforms/android/AndroidManifest.xml:6:22-73
application
ADDED from platforms/android/AndroidManifest.xml:7:5-46:19
MERGED from [com.android.support:support-v4:24.0.0-alpha2] AndroidManifest.xml:22:5-20
MERGED from [com.android.support:support-v13:24.0.0-alpha2] AndroidManifest.xml:22:5-20
MERGED from [com.android.support:support-v4:24.0.0-alpha2] AndroidManifest.xml:22:5-20
MERGED from [com.google.android.gms:play-services-gcm:8.4.0] AndroidManifest.xml:24:5-20
MERGED from [com.google.android.gms:play-services-basement:8.4.0] AndroidManifest.xml:20:5-24:19
MERGED from [com.android.support:support-v4:24.0.0-alpha2] AndroidManifest.xml:22:5-20
MERGED from [com.google.android.gms:play-services-measurement:8.4.0] AndroidManifest.xml:26:5-46:19
MERGED from [com.google.android.gms:play-services-basement:8.4.0] AndroidManifest.xml:20:5-24:19
MERGED from [com.android.support:support-v4:24.0.0-alpha2] AndroidManifest.xml:22:5-20
MERGED from [com.google.android.gms:play-services-identity:8.4.0] AndroidManifest.xml:19:5-20
MERGED from [com.google.android.gms:play-services-basement:8.4.0] AndroidManifest.xml:20:5-24:19
MERGED from [com.android.support:support-v4:24.0.0-alpha2] AndroidManifest.xml:22:5-20
	android:label
		ADDED from platforms/android/AndroidManifest.xml:7:83-115
	android:supportsRtl
		ADDED from platforms/android/AndroidManifest.xml:7:116-142
	android:hardwareAccelerated
		ADDED from platforms/android/AndroidManifest.xml:7:18-52
	android:icon
		ADDED from platforms/android/AndroidManifest.xml:7:53-82
activity#com.ppllc.p2.MainActivity
ADDED from platforms/android/AndroidManifest.xml:8:9-13:20
	android:label
		ADDED from platforms/android/AndroidManifest.xml:8:97-134
	android:launchMode
		ADDED from platforms/android/AndroidManifest.xml:8:135-165
	android:windowSoftInputMode
		ADDED from platforms/android/AndroidManifest.xml:8:248-290
	android:configChanges
		ADDED from platforms/android/AndroidManifest.xml:8:19-96
	android:theme
		ADDED from platforms/android/AndroidManifest.xml:8:194-247
	android:name
		ADDED from platforms/android/AndroidManifest.xml:8:166-193
intent-filter#android.intent.action.MAIN+android.intent.category.LAUNCHER
ADDED from platforms/android/AndroidManifest.xml:9:13-12:29
	android:label
		ADDED from platforms/android/AndroidManifest.xml:9:28-65
action#android.intent.action.MAIN
ADDED from platforms/android/AndroidManifest.xml:10:17-69
	android:name
		ADDED from platforms/android/AndroidManifest.xml:10:25-66
category#android.intent.category.LAUNCHER
ADDED from platforms/android/AndroidManifest.xml:11:17-77
	android:name
		ADDED from platforms/android/AndroidManifest.xml:11:27-74
activity#com.adobe.phonegap.push.PushHandlerActivity
ADDED from platforms/android/AndroidManifest.xml:14:9-104
	android:exported
		ADDED from platforms/android/AndroidManifest.xml:14:19-42
	android:name
		ADDED from platforms/android/AndroidManifest.xml:14:43-101
receiver#com.adobe.phonegap.push.BackgroundActionButtonHandler
ADDED from platforms/android/AndroidManifest.xml:15:9-90
	android:name
		ADDED from platforms/android/AndroidManifest.xml:15:19-87
receiver#com.google.android.gms.gcm.GcmReceiver
ADDED from platforms/android/AndroidManifest.xml:16:9-21:20
	android:exported
		ADDED from platforms/android/AndroidManifest.xml:16:19-42
	android:permission
		ADDED from platforms/android/AndroidManifest.xml:16:97-157
	android:name
		ADDED from platforms/android/AndroidManifest.xml:16:43-96
intent-filter#com.google.android.c2dm.intent.RECEIVE+com.ppllc.p2
ADDED from platforms/android/AndroidManifest.xml:17:13-20:29
action#com.google.android.c2dm.intent.RECEIVE
ADDED from platforms/android/AndroidManifest.xml:18:17-81
	android:name
		ADDED from platforms/android/AndroidManifest.xml:18:25-78
category#com.ppllc.p2
ADDED from platforms/android/AndroidManifest.xml:19:17-57
	android:name
		ADDED from platforms/android/AndroidManifest.xml:19:27-54
service#com.adobe.phonegap.push.GCMIntentService
ADDED from platforms/android/AndroidManifest.xml:22:9-26:19
	android:exported
		ADDED from platforms/android/AndroidManifest.xml:22:18-42
	android:name
		ADDED from platforms/android/AndroidManifest.xml:22:43-98
intent-filter#com.google.android.c2dm.intent.RECEIVE
ADDED from platforms/android/AndroidManifest.xml:23:13-25:29
service#com.adobe.phonegap.push.PushInstanceIDListenerService
ADDED from platforms/android/AndroidManifest.xml:27:9-31:19
	android:exported
		ADDED from platforms/android/AndroidManifest.xml:27:18-42
	android:name
		ADDED from platforms/android/AndroidManifest.xml:27:43-111
intent-filter#com.google.android.gms.iid.InstanceID
ADDED from platforms/android/AndroidManifest.xml:28:13-30:29
action#com.google.android.gms.iid.InstanceID
ADDED from platforms/android/AndroidManifest.xml:29:17-80
	android:name
		ADDED from platforms/android/AndroidManifest.xml:29:25-77
service#com.adobe.phonegap.push.RegistrationIntentService
ADDED from platforms/android/AndroidManifest.xml:32:9-110
	android:exported
		ADDED from platforms/android/AndroidManifest.xml:32:18-42
	android:name
		ADDED from platforms/android/AndroidManifest.xml:32:43-107
meta-data#com.parse.push.gcm_sender_id
ADDED from platforms/android/AndroidManifest.xml:33:9-98
	android:value
		ADDED from platforms/android/AndroidManifest.xml:33:64-95
	android:name
		ADDED from platforms/android/AndroidManifest.xml:33:20-63
meta-data#com.google.android.gms.version
ADDED from platforms/android/AndroidManifest.xml:34:9-122
MERGED from [com.google.android.gms:play-services-basement:8.4.0] AndroidManifest.xml:21:9-23:69
MERGED from [com.google.android.gms:play-services-basement:8.4.0] AndroidManifest.xml:21:9-23:69
MERGED from [com.google.android.gms:play-services-basement:8.4.0] AndroidManifest.xml:21:9-23:69
	android:value
		ADDED from platforms/android/AndroidManifest.xml:34:66-119
	android:name
		ADDED from platforms/android/AndroidManifest.xml:34:20-65
receiver#de.appplant.cordova.plugin.localnotification.TriggerReceiver
ADDED from platforms/android/AndroidManifest.xml:35:9-122
	android:exported
		ADDED from platforms/android/AndroidManifest.xml:35:19-43
	android:name
		ADDED from platforms/android/AndroidManifest.xml:35:44-119
receiver#de.appplant.cordova.plugin.localnotification.ClearReceiver
ADDED from platforms/android/AndroidManifest.xml:36:9-120
	android:exported
		ADDED from platforms/android/AndroidManifest.xml:36:19-43
	android:name
		ADDED from platforms/android/AndroidManifest.xml:36:44-117
activity#de.appplant.cordova.plugin.localnotification.ClickActivity
ADDED from platforms/android/AndroidManifest.xml:37:9-203
	android:launchMode
		ADDED from platforms/android/AndroidManifest.xml:37:44-79
	android:exported
		ADDED from platforms/android/AndroidManifest.xml:37:19-43
	android:theme
		ADDED from platforms/android/AndroidManifest.xml:37:154-200
	android:name
		ADDED from platforms/android/AndroidManifest.xml:37:80-153
receiver#de.appplant.cordova.plugin.notification.TriggerReceiver
ADDED from platforms/android/AndroidManifest.xml:38:9-117
	android:exported
		ADDED from platforms/android/AndroidManifest.xml:38:19-43
	android:name
		ADDED from platforms/android/AndroidManifest.xml:38:44-114
receiver#de.appplant.cordova.plugin.notification.ClearReceiver
ADDED from platforms/android/AndroidManifest.xml:39:9-115
	android:exported
		ADDED from platforms/android/AndroidManifest.xml:39:19-43
	android:name
		ADDED from platforms/android/AndroidManifest.xml:39:44-112
receiver#de.appplant.cordova.plugin.localnotification.RestoreReceiver
ADDED from platforms/android/AndroidManifest.xml:40:9-44:20
	android:exported
		ADDED from platforms/android/AndroidManifest.xml:40:19-43
	android:name
		ADDED from platforms/android/AndroidManifest.xml:40:44-119
intent-filter#android.intent.action.BOOT_COMPLETED
ADDED from platforms/android/AndroidManifest.xml:41:13-43:29
action#android.intent.action.BOOT_COMPLETED
ADDED from platforms/android/AndroidManifest.xml:42:17-79
	android:name
		ADDED from platforms/android/AndroidManifest.xml:42:25-76
activity#de.appplant.cordova.plugin.notification.ClickActivity
ADDED from platforms/android/AndroidManifest.xml:45:9-198
	android:launchMode
		ADDED from platforms/android/AndroidManifest.xml:45:44-79
	android:exported
		ADDED from platforms/android/AndroidManifest.xml:45:19-43
	android:theme
		ADDED from platforms/android/AndroidManifest.xml:45:149-195
	android:name
		ADDED from platforms/android/AndroidManifest.xml:45:80-148
uses-sdk
ADDED from platforms/android/AndroidManifest.xml:47:5-74
MERGED from [me.leolin:ShortcutBadger:1.1.4] AndroidManifest.xml:7:5-9:41
MERGED from [com.android.support:support-v4:24.0.0-alpha2] AndroidManifest.xml:20:5-43
MERGED from [com.android.support:support-v13:24.0.0-alpha2] AndroidManifest.xml:20:5-44
MERGED from [com.android.support:support-v4:24.0.0-alpha2] AndroidManifest.xml:20:5-43
MERGED from [com.google.android.gms:play-services-gcm:8.4.0] AndroidManifest.xml:18:5-42
MERGED from [com.google.android.gms:play-services-base:8.4.0] AndroidManifest.xml:18:5-42
MERGED from [com.google.android.gms:play-services-basement:8.4.0] AndroidManifest.xml:18:5-42
MERGED from [com.android.support:support-v4:24.0.0-alpha2] AndroidManifest.xml:20:5-43
MERGED from [com.google.android.gms:play-services-measurement:8.4.0] AndroidManifest.xml:18:5-42
MERGED from [com.google.android.gms:play-services-basement:8.4.0] AndroidManifest.xml:18:5-42
MERGED from [com.android.support:support-v4:24.0.0-alpha2] AndroidManifest.xml:20:5-43
MERGED from [com.google.android.gms:play-services-identity:8.4.0] AndroidManifest.xml:18:5-42
MERGED from [com.google.android.gms:play-services-base:8.4.0] AndroidManifest.xml:18:5-42
MERGED from [com.google.android.gms:play-services-basement:8.4.0] AndroidManifest.xml:18:5-42
MERGED from [com.android.support:support-v4:24.0.0-alpha2] AndroidManifest.xml:20:5-43
MERGED from [android:CordovaLib:unspecified:release] AndroidManifest.xml:25:5-44
	android:targetSdkVersion
		ADDED from platforms/android/AndroidManifest.xml:47:42-71
	android:minSdkVersion
		ADDED from platforms/android/AndroidManifest.xml:47:15-41
uses-permission#android.permission.READ_EXTERNAL_STORAGE
ADDED from platforms/android/AndroidManifest.xml:48:5-80
	android:name
		ADDED from platforms/android/AndroidManifest.xml:48:22-77
uses-permission#android.permission.READ_CALENDAR
ADDED from platforms/android/AndroidManifest.xml:49:5-72
	android:name
		ADDED from platforms/android/AndroidManifest.xml:49:22-69
uses-permission#android.permission.WRITE_CALENDAR
ADDED from platforms/android/AndroidManifest.xml:50:5-73
	android:name
		ADDED from platforms/android/AndroidManifest.xml:50:22-70
uses-permission#android.permission.GET_ACCOUNTS
ADDED from platforms/android/AndroidManifest.xml:51:5-71
	android:name
		ADDED from platforms/android/AndroidManifest.xml:51:22-68
uses-permission#com.google.android.c2dm.permission.RECEIVE
ADDED from platforms/android/AndroidManifest.xml:52:5-82
MERGED from [com.google.android.gms:play-services-gcm:8.4.0] AndroidManifest.xml:21:5-82
	android:name
		ADDED from platforms/android/AndroidManifest.xml:52:22-79
permission#com.ppllc.p2.permission.C2D_MESSAGE
ADDED from platforms/android/AndroidManifest.xml:53:5-106
	android:protectionLevel
		ADDED from platforms/android/AndroidManifest.xml:53:68-103
	android:name
		ADDED from platforms/android/AndroidManifest.xml:53:17-67
uses-permission#com.ppllc.p2.permission.C2D_MESSAGE
ADDED from platforms/android/AndroidManifest.xml:54:5-75
	android:name
		ADDED from platforms/android/AndroidManifest.xml:54:22-72
uses-permission#android.permission.USE_CREDENTIALS
ADDED from platforms/android/AndroidManifest.xml:55:5-74
	android:name
		ADDED from platforms/android/AndroidManifest.xml:55:22-71
uses-permission#com.ppllc.p2.permission.MANAGE_ACCOUNTS
ADDED from platforms/android/AndroidManifest.xml:56:5-79
	android:name
		ADDED from platforms/android/AndroidManifest.xml:56:22-76
uses-permission#com.ppllc.p2.permission.AUTHENTICATE_ACCOUNTS
ADDED from platforms/android/AndroidManifest.xml:57:5-85
	android:name
		ADDED from platforms/android/AndroidManifest.xml:57:22-82
uses-permission#com.ppllc.p2.permission.USE_CREDENTIALS
ADDED from platforms/android/AndroidManifest.xml:58:5-79
	android:name
		ADDED from platforms/android/AndroidManifest.xml:58:22-76
uses-permission#android.permission.RECEIVE_BOOT_COMPLETED
ADDED from platforms/android/AndroidManifest.xml:59:5-81
	android:name
		ADDED from platforms/android/AndroidManifest.xml:59:22-78
uses-permission#android.permission.WRITE_EXTERNAL_STORAGE
ADDED from platforms/android/AndroidManifest.xml:60:5-81
	android:name
		ADDED from platforms/android/AndroidManifest.xml:60:22-78
uses-permission#com.sec.android.provider.badge.permission.READ
ADDED from [me.leolin:ShortcutBadger:1.1.4] AndroidManifest.xml:19:5-86
	android:name
		ADDED from [me.leolin:ShortcutBadger:1.1.4] AndroidManifest.xml:19:22-83
uses-permission#com.sec.android.provider.badge.permission.WRITE
ADDED from [me.leolin:ShortcutBadger:1.1.4] AndroidManifest.xml:20:5-87
	android:name
		ADDED from [me.leolin:ShortcutBadger:1.1.4] AndroidManifest.xml:20:22-84
uses-permission#com.htc.launcher.permission.READ_SETTINGS
ADDED from [me.leolin:ShortcutBadger:1.1.4] AndroidManifest.xml:23:5-81
	android:name
		ADDED from [me.leolin:ShortcutBadger:1.1.4] AndroidManifest.xml:23:22-78
uses-permission#com.htc.launcher.permission.UPDATE_SHORTCUT
ADDED from [me.leolin:ShortcutBadger:1.1.4] AndroidManifest.xml:24:5-83
	android:name
		ADDED from [me.leolin:ShortcutBadger:1.1.4] AndroidManifest.xml:24:22-80
uses-permission#com.sonyericsson.home.permission.BROADCAST_BADGE
ADDED from [me.leolin:ShortcutBadger:1.1.4] AndroidManifest.xml:27:5-88
	android:name
		ADDED from [me.leolin:ShortcutBadger:1.1.4] AndroidManifest.xml:27:22-85
uses-permission#com.anddoes.launcher.permission.UPDATE_COUNT
ADDED from [me.leolin:ShortcutBadger:1.1.4] AndroidManifest.xml:30:5-84
	android:name
		ADDED from [me.leolin:ShortcutBadger:1.1.4] AndroidManifest.xml:30:22-81
uses-permission#com.majeur.launcher.permission.UPDATE_BADGE
ADDED from [me.leolin:ShortcutBadger:1.1.4] AndroidManifest.xml:33:5-83
	android:name
		ADDED from [me.leolin:ShortcutBadger:1.1.4] AndroidManifest.xml:33:22-80
uses-permission#android.permission.WAKE_LOCK
ADDED from [com.google.android.gms:play-services-measurement:8.4.0] AndroidManifest.xml:24:5-67
	android:name
		ADDED from [com.google.android.gms:play-services-measurement:8.4.0] AndroidManifest.xml:24:22-65
provider#com.google.android.gms.measurement.AppMeasurementContentProvider
ADDED from [com.google.android.gms:play-services-measurement:8.4.0] AndroidManifest.xml:28:7-31:37
	android:authorities
		ADDED from [com.google.android.gms:play-services-measurement:8.4.0] AndroidManifest.xml:29:11-76
	android:exported
		ADDED from [com.google.android.gms:play-services-measurement:8.4.0] AndroidManifest.xml:31:11-35
	android:name
		ADDED from [com.google.android.gms:play-services-measurement:8.4.0] AndroidManifest.xml:30:11-90
receiver#com.google.android.gms.measurement.AppMeasurementReceiver
ADDED from [com.google.android.gms:play-services-measurement:8.4.0] AndroidManifest.xml:33:7-39:18
	android:enabled
		ADDED from [com.google.android.gms:play-services-measurement:8.4.0] AndroidManifest.xml:35:11-33
	android:name
		ADDED from [com.google.android.gms:play-services-measurement:8.4.0] AndroidManifest.xml:34:11-83
intent-filter#com.google.android.gms.measurement.UPLOAD
ADDED from [com.google.android.gms:play-services-measurement:8.4.0] AndroidManifest.xml:36:9-38:25
action#com.google.android.gms.measurement.UPLOAD
ADDED from [com.google.android.gms:play-services-measurement:8.4.0] AndroidManifest.xml:37:11-77
	android:name
		ADDED from [com.google.android.gms:play-services-measurement:8.4.0] AndroidManifest.xml:37:19-75
service#com.google.android.gms.measurement.AppMeasurementService
ADDED from [com.google.android.gms:play-services-measurement:8.4.0] AndroidManifest.xml:41:7-44:37
	android:enabled
		ADDED from [com.google.android.gms:play-services-measurement:8.4.0] AndroidManifest.xml:43:11-33
	android:exported
		ADDED from [com.google.android.gms:play-services-measurement:8.4.0] AndroidManifest.xml:44:11-35
	android:name
		ADDED from [com.google.android.gms:play-services-measurement:8.4.0] AndroidManifest.xml:42:11-82